[debug] [2019-06-02T22:04:30.150Z] ----------------------------------------------------------------------
[debug] [2019-06-02T22:04:30.152Z] Command:       C:\Program Files\nodejs\node.exe C:\Users\Elliott\AppData\Roaming\npm\node_modules\firebase-tools\lib\bin\firebase.js deploy
[debug] [2019-06-02T22:04:30.152Z] CLI Version:   6.10.0
[debug] [2019-06-02T22:04:30.152Z] Platform:      win32
[debug] [2019-06-02T22:04:30.152Z] Node Version:  v10.13.0
[debug] [2019-06-02T22:04:30.153Z] Time:          Sun Jun 02 2019 18:04:30 GMT-0400 (Eastern Daylight Time)
[debug] [2019-06-02T22:04:30.153Z] ----------------------------------------------------------------------
[debug] 
[debug] [2019-06-02T22:04:30.170Z] > command requires scopes: ["email","openid","https://www.googleapis.com/auth/cloudplatformprojects.readonly","https://www.googleapis.com/auth/firebase","https://www.googleapis.com/auth/cloud-platform"]
[debug] [2019-06-02T22:04:30.170Z] > authorizing via signed-in user
[debug] [2019-06-02T22:04:30.170Z] [iam] checking project wd-wright for permissions ["firebase.projects.get","firebasehosting.sites.update"]
[debug] [2019-06-02T22:04:30.172Z] > refreshing access token with scopes: ["email","https://www.googleapis.com/auth/cloud-platform","https://www.googleapis.com/auth/cloudplatformprojects.readonly","https://www.googleapis.com/auth/firebase","openid"]
[debug] [2019-06-02T22:04:30.172Z] >>> HTTP REQUEST POST https://www.googleapis.com/oauth2/v3/token  
 <request body omitted>
[debug] [2019-06-02T22:04:30.738Z] <<< HTTP RESPONSE 200
[debug] [2019-06-02T22:04:30.743Z] >>> HTTP REQUEST POST https://cloudresourcemanager.googleapis.com/v1/projects/wd-wright:testIamPermissions  

[debug] [2019-06-02T22:04:31.338Z] <<< HTTP RESPONSE 200
[debug] [2019-06-02T22:04:31.338Z] >>> HTTP REQUEST GET https://firebase.googleapis.com/v1beta1/projects/wd-wright  
 
[debug] [2019-06-02T22:04:31.678Z] <<< HTTP RESPONSE 200
[info] 
[info] === Deploying to 'wd-wright'...
[info] 
[info] i  deploying hosting
[debug] [2019-06-02T22:04:31.681Z] >>> HTTP REQUEST POST https://firebasehosting.googleapis.com/v1beta1/sites/wd-wright/versions  

[debug] [2019-06-02T22:04:33.303Z] <<< HTTP RESPONSE 200
[info] i  hosting[wd-wright]: beginning deploy...
[info] i  hosting[wd-wright]: found 19 files in build
[debug] [2019-06-02T22:04:33.317Z] [hosting] hash cache [YnVpbGQ] load error: lines is not defined
[debug] [2019-06-02T22:04:33.469Z] [hosting] hash cache [YnVpbGQ] stored for 19 files
[debug] [2019-06-02T22:04:33.469Z] [hosting][hash queue][FINAL]
[debug] [2019-06-02T22:04:33.469Z] >>> HTTP REQUEST POST https://firebasehosting.googleapis.com/v1beta1/sites/wd-wright/versions/557dc47eef0b34ee:populateFiles  
 <request body omitted>
[debug] [2019-06-02T22:04:35.673Z] <<< HTTP RESPONSE 200
[debug] [2019-06-02T22:04:35.677Z] [hosting][populate queue][FINAL]
[debug] [2019-06-02T22:04:35.677Z] [hosting] uploads queued: 10
[debug] [2019-06-02T22:05:06.231Z] [uploadQueue] Retrying task 540af46562895da0cab22c720431bf510bd1c0e74c5eedf7b08b48709d4ae29e
[debug] [2019-06-02T22:05:06.290Z] [uploadQueue] Retrying task 5cc934eaedc29d38ce24a54e5fc7486e2f03007f5f2be7d6601293c0aab29fc4
[debug] [2019-06-02T22:05:37.181Z] [uploadQueue] Retrying task 5cc934eaedc29d38ce24a54e5fc7486e2f03007f5f2be7d6601293c0aab29fc4
[debug] [2019-06-02T22:06:08.884Z] [uploadQueue] Retrying task 5cc934eaedc29d38ce24a54e5fc7486e2f03007f5f2be7d6601293c0aab29fc4
[debug] [2019-06-02T22:06:42.203Z] [uploadQueue] Retrying task 5cc934eaedc29d38ce24a54e5fc7486e2f03007f5f2be7d6601293c0aab29fc4
[debug] [2019-06-02T22:06:48.876Z] ----------------------------------------------------------------------
[debug] [2019-06-02T22:06:48.878Z] Command:       C:\Program Files\nodejs\node.exe C:\Users\Elliott\AppData\Roaming\npm\node_modules\firebase-tools\lib\bin\firebase.js deploy
[debug] [2019-06-02T22:06:48.878Z] CLI Version:   6.10.0
[debug] [2019-06-02T22:06:48.878Z] Platform:      win32
[debug] [2019-06-02T22:06:48.878Z] Node Version:  v10.13.0
[debug] [2019-06-02T22:06:48.879Z] Time:          Sun Jun 02 2019 18:06:48 GMT-0400 (Eastern Daylight Time)
[debug] [2019-06-02T22:06:48.879Z] ----------------------------------------------------------------------
[debug] 
[debug] [2019-06-02T22:06:48.887Z] > command requires scopes: ["email","openid","https://www.googleapis.com/auth/cloudplatformprojects.readonly","https://www.googleapis.com/auth/firebase","https://www.googleapis.com/auth/cloud-platform"]
[debug] [2019-06-02T22:06:48.887Z] > authorizing via signed-in user
[debug] [2019-06-02T22:06:48.887Z] [iam] checking project wd-wright for permissions ["firebase.projects.get","firebasehosting.sites.update"]
[debug] [2019-06-02T22:06:48.889Z] >>> HTTP REQUEST POST https://cloudresourcemanager.googleapis.com/v1/projects/wd-wright:testIamPermissions  

[debug] [2019-06-02T22:06:49.151Z] <<< HTTP RESPONSE 200
[debug] [2019-06-02T22:06:49.152Z] >>> HTTP REQUEST GET https://firebase.googleapis.com/v1beta1/projects/wd-wright  
 
[debug] [2019-06-02T22:06:49.501Z] <<< HTTP RESPONSE 200
[info] 
[info] === Deploying to 'wd-wright'...
[info] 
[info] i  deploying hosting
[debug] [2019-06-02T22:06:49.505Z] >>> HTTP REQUEST POST https://firebasehosting.googleapis.com/v1beta1/sites/wd-wright/versions  

[debug] [2019-06-02T22:06:59.718Z] <<< HTTP RESPONSE 503
[debug] [2019-06-02T22:06:59.719Z] <<< HTTP RESPONSE BODY
[error] 
[error] Error: HTTP Error: 503, The service is currently unavailable.
[debug] [2019-06-02T22:06:59.840Z] Error Context: {
  "body": {
    "error": {
      "code": 503,
      "message": "The service is currently unavailable.",
      "status": "UNAVAILABLE"
    }
  },
  "response": {
    "statusCode": 503,
    "body": {
      "error": {
        "code": 503,
        "message": "The service is currently unavailable.",
        "status": "UNAVAILABLE"
      }
    },
    "headers": {
      "vary": "X-Origin, Referer, Origin,Accept-Encoding",
      "content-type": "application/json; charset=UTF-8",
      "date": "Sun, 02 Jun 2019 22:07:03 GMT",
      "server": "ESF",
      "cache-control": "private",
      "x-xss-protection": "0",
      "x-frame-options": "SAMEORIGIN",
      "x-content-type-options": "nosniff",
      "alt-svc": "quic=\":443\"; ma=2592000; v=\"46,44,43,39\"",
      "accept-ranges": "none",
      "transfer-encoding": "chunked"
    },
    "request": {
      "uri": {
        "protocol": "https:",
        "slashes": true,
        "auth": null,
        "host": "firebasehosting.googleapis.com",
        "port": 443,
        "hostname": "firebasehosting.googleapis.com",
        "hash": null,
        "search": null,
        "query": null,
        "pathname": "/v1beta1/sites/wd-wright/versions",
        "path": "/v1beta1/sites/wd-wright/versions",
        "href": "https://firebasehosting.googleapis.com/v1beta1/sites/wd-wright/versions"
      },
      "method": "POST"
    }
  }
}
[debug] [2019-06-02T22:07:27.493Z] ----------------------------------------------------------------------
[debug] [2019-06-02T22:07:27.495Z] Command:       C:\Program Files\nodejs\node.exe C:\Users\Elliott\AppData\Roaming\npm\node_modules\firebase-tools\lib\bin\firebase.js deploy
[debug] [2019-06-02T22:07:27.495Z] CLI Version:   6.10.0
[debug] [2019-06-02T22:07:27.495Z] Platform:      win32
[debug] [2019-06-02T22:07:27.495Z] Node Version:  v10.13.0
[debug] [2019-06-02T22:07:27.496Z] Time:          Sun Jun 02 2019 18:07:27 GMT-0400 (Eastern Daylight Time)
[debug] [2019-06-02T22:07:27.496Z] ----------------------------------------------------------------------
[debug] 
[debug] [2019-06-02T22:07:27.503Z] > command requires scopes: ["email","openid","https://www.googleapis.com/auth/cloudplatformprojects.readonly","https://www.googleapis.com/auth/firebase","https://www.googleapis.com/auth/cloud-platform"]
[debug] [2019-06-02T22:07:27.504Z] > authorizing via signed-in user
[debug] [2019-06-02T22:07:27.504Z] [iam] checking project wd-wright for permissions ["firebase.projects.get","firebasehosting.sites.update"]
[debug] [2019-06-02T22:07:27.506Z] >>> HTTP REQUEST POST https://cloudresourcemanager.googleapis.com/v1/projects/wd-wright:testIamPermissions  

[debug] [2019-06-02T22:07:28.097Z] <<< HTTP RESPONSE 200
[debug] [2019-06-02T22:07:28.098Z] >>> HTTP REQUEST GET https://firebase.googleapis.com/v1beta1/projects/wd-wright  
 
[debug] [2019-06-02T22:07:28.409Z] <<< HTTP RESPONSE 200
[info] 
[info] === Deploying to 'wd-wright'...
[info] 
[info] i  deploying hosting
[debug] [2019-06-02T22:07:28.415Z] >>> HTTP REQUEST POST https://firebasehosting.googleapis.com/v1beta1/sites/wd-wright/versions  

[debug] [2019-06-02T22:07:38.590Z] <<< HTTP RESPONSE 503
[debug] [2019-06-02T22:07:38.590Z] <<< HTTP RESPONSE BODY
[error] 
[error] Error: HTTP Error: 503, The service is currently unavailable.
[debug] [2019-06-02T22:07:38.697Z] Error Context: {
  "body": {
    "error": {
      "code": 503,
      "message": "The service is currently unavailable.",
      "status": "UNAVAILABLE"
    }
  },
  "response": {
    "statusCode": 503,
    "body": {
      "error": {
        "code": 503,
        "message": "The service is currently unavailable.",
        "status": "UNAVAILABLE"
      }
    },
    "headers": {
      "vary": "X-Origin, Referer, Origin,Accept-Encoding",
      "content-type": "application/json; charset=UTF-8",
      "date": "Sun, 02 Jun 2019 22:07:42 GMT",
      "server": "ESF",
      "cache-control": "private",
      "x-xss-protection": "0",
      "x-frame-options": "SAMEORIGIN",
      "x-content-type-options": "nosniff",
      "alt-svc": "quic=\":443\"; ma=2592000; v=\"46,44,43,39\"",
      "accept-ranges": "none",
      "transfer-encoding": "chunked"
    },
    "request": {
      "uri": {
        "protocol": "https:",
        "slashes": true,
        "auth": null,
        "host": "firebasehosting.googleapis.com",
        "port": 443,
        "hostname": "firebasehosting.googleapis.com",
        "hash": null,
        "search": null,
        "query": null,
        "pathname": "/v1beta1/sites/wd-wright/versions",
        "path": "/v1beta1/sites/wd-wright/versions",
        "href": "https://firebasehosting.googleapis.com/v1beta1/sites/wd-wright/versions"
      },
      "method": "POST"
    }
  }
}
